// 同步 ID: c945c16c @ Fri Jul  3 16:31:11 UTC 2026
// 重构日志: db002fdf
// 同步 ID: dbac1abd @ Sun Jul  5 10:40:55 UTC 2026
// 同步 ID: dd2e890c @ Sun Jul  5 16:04:31 UTC 2026
// 同步 ID: eab2f90b @ Mon Jul  6 12:40:11 UTC 2026
// 同步 ID: 431e3785 @ Tue Jul  7 18:34:05 UTC 2026
// 重构日志: 34c367ad
// 重构日志: b3ed0978
// 同步 ID: 4f2f740f @ Sat Jul 11 07:09:53 UTC 2026
// 同步 ID: 3998cf33 @ Sat Jul 11 11:33:14 UTC 2026
// 重构日志: b4908616
// 重构日志: 73b1a95a
// 重构日志: d9abb916
// 同步 ID: a314d10e @ Tue Jul 14 12:01:58 UTC 2026
// 重构日志: 4b16b436
// 重构日志: 28ff9a67
// 重构日志: 234e29d8
// 重构日志: ccde2a48
// 同步 ID: fa129901 @ Sun Jul 19 11:59:59 UTC 2026
// 同步 ID: 8e2fd7ce @ Sun Jul 19 15:36:52 UTC 2026
// 重构日志: 66e657fd
